Warning[205] C:\USERS\ZUNGGUGUZUNGGUZENG\DESKTOP\PICMICRO_LAB2\THINGY.X\..\16F877_LCD_KEYPAD.ASM 1 : Found directive in column 1. (LIST)
Warning[205] C:\USERS\ZUNGGUGUZUNGGUZENG\DESKTOP\PICMICRO_LAB2\THINGY.X\..\16F877_LCD_KEYPAD.ASM 2 : Found directive in column 1. (INCLUDE)
Message[301] C:\PROGRAM FILES (X86)\MICROCHIP\MPLABX\V3.55\MPASMX\P16F877.INC 34 : MESSAGE: (Processor-header file mismatch.  Verify selected processor.)
Message[302] C:\USERS\ZUNGGUGUZUNGGUZENG\DESKTOP\PICMICRO_LAB2\THINGY.X\..\16F877_LCD_KEYPAD.ASM 53 : Register in operand not in bank 0.  Ensure that bank bits are correct.
Message[302] C:\USERS\ZUNGGUGUZUNGGUZENG\DESKTOP\PICMICRO_LAB2\THINGY.X\..\16F877_LCD_KEYPAD.ASM 55 : Register in operand not in bank 0.  Ensure that bank bits are correct.
Message[302] C:\USERS\ZUNGGUGUZUNGGUZENG\DESKTOP\PICMICRO_LAB2\THINGY.X\..\16F877_LCD_KEYPAD.ASM 59 : Register in operand not in bank 0.  Ensure that bank bits are correct.
Message[302] C:\USERS\ZUNGGUGUZUNGGUZENG\DESKTOP\PICMICRO_LAB2\THINGY.X\..\16F877_LCD_KEYPAD.ASM 62 : Register in operand not in bank 0.  Ensure that bank bits are correct.
Message[302] C:\USERS\ZUNGGUGUZUNGGUZENG\DESKTOP\PICMICRO_LAB2\THINGY.X\..\16F877_LCD_KEYPAD.ASM 65 : Register in operand not in bank 0.  Ensure that bank bits are correct.
Message[305] C:\USERS\ZUNGGUGUZUNGGUZENG\DESKTOP\PICMICRO_LAB2\THINGY.X\..\16F877_LCD_KEYPAD.ASM 144 : Using default destination of 1 (file).
Message[305] C:\USERS\ZUNGGUGUZUNGGUZENG\DESKTOP\PICMICRO_LAB2\THINGY.X\..\16F877_LCD_KEYPAD.ASM 149 : Using default destination of 1 (file).
Message[305] C:\USERS\ZUNGGUGUZUNGGUZENG\DESKTOP\PICMICRO_LAB2\THINGY.X\..\16F877_LCD_KEYPAD.ASM 154 : Using default destination of 1 (file).
Message[305] C:\USERS\ZUNGGUGUZUNGGUZENG\DESKTOP\PICMICRO_LAB2\THINGY.X\..\16F877_LCD_KEYPAD.ASM 159 : Using default destination of 1 (file).
Message[305] C:\USERS\ZUNGGUGUZUNGGUZENG\DESKTOP\PICMICRO_LAB2\THINGY.X\..\16F877_LCD_KEYPAD.ASM 188 : Using default destination of 1 (file).
Message[305] C:\USERS\ZUNGGUGUZUNGGUZENG\DESKTOP\PICMICRO_LAB2\THINGY.X\..\16F877_LCD_KEYPAD.ASM 191 : Using default destination of 1 (file).
Message[305] C:\USERS\ZUNGGUGUZUNGGUZENG\DESKTOP\PICMICRO_LAB2\THINGY.X\..\16F877_LCD_KEYPAD.ASM 194 : Using default destination of 1 (file).
Message[305] C:\USERS\ZUNGGUGUZUNGGUZENG\DESKTOP\PICMICRO_LAB2\THINGY.X\..\16F877_LCD_KEYPAD.ASM 256 : Using default destination of 1 (file).
Message[305] C:\USERS\ZUNGGUGUZUNGGUZENG\DESKTOP\PICMICRO_LAB2\THINGY.X\..\16F877_LCD_KEYPAD.ASM 259 : Using default destination of 1 (file).
Warning[202] C:\USERS\ZUNGGUGUZUNGGUZENG\DESKTOP\PICMICRO_LAB2\THINGY.X\..\16F877_LCD_KEYPAD.ASM 368 : Argument out of range.  Least significant bits used.
Message[305] C:\USERS\ZUNGGUGUZUNGGUZENG\DESKTOP\PICMICRO_LAB2\THINGY.X\..\16F877_LCD_KEYPAD.ASM 606 : Using default destination of 1 (file).
Message[305] C:\USERS\ZUNGGUGUZUNGGUZENG\DESKTOP\PICMICRO_LAB2\THINGY.X\..\16F877_LCD_KEYPAD.ASM 614 : Using default destination of 1 (file).
Message[305] C:\USERS\ZUNGGUGUZUNGGUZENG\DESKTOP\PICMICRO_LAB2\THINGY.X\..\16F877_LCD_KEYPAD.ASM 687 : Using default destination of 1 (file).
Message[305] C:\USERS\ZUNGGUGUZUNGGUZENG\DESKTOP\PICMICRO_LAB2\THINGY.X\..\16F877_LCD_KEYPAD.ASM 791 : Using default destination of 1 (file).
Message[305] C:\USERS\ZUNGGUGUZUNGGUZENG\DESKTOP\PICMICRO_LAB2\THINGY.X\..\16F877_LCD_KEYPAD.ASM 794 : Using default destination of 1 (file).
