Warning[205] C:\USERS\ZUNGGUGUZUNGGUZENG\DESKTOP\PICMICRO_LAB2\THINGY.X\..\16F877_LCD_KEYPAD.ASM 1 : Found directive in column 1. (LIST)
Warning[205] C:\USERS\ZUNGGUGUZUNGGUZENG\DESKTOP\PICMICRO_LAB2\THINGY.X\..\16F877_LCD_KEYPAD.ASM 2 : Found directive in column 1. (INCLUDE)
Message[301] C:\PROGRAM FILES (X86)\MICROCHIP\MPLABX\V3.55\MPASMX\P16F877.INC 34 : MESSAGE: (Processor-header file mismatch.  Verify selected processor.)
Message[302] C:\USERS\ZUNGGUGUZUNGGUZENG\DESKTOP\PICMICRO_LAB2\THINGY.X\..\16F877_LCD_KEYPAD.ASM 50 : Register in operand not in bank 0.  Ensure that bank bits are correct.
Message[302] C:\USERS\ZUNGGUGUZUNGGUZENG\DESKTOP\PICMICRO_LAB2\THINGY.X\..\16F877_LCD_KEYPAD.ASM 52 : Register in operand not in bank 0.  Ensure that bank bits are correct.
Message[302] C:\USERS\ZUNGGUGUZUNGGUZENG\DESKTOP\PICMICRO_LAB2\THINGY.X\..\16F877_LCD_KEYPAD.ASM 56 : Register in operand not in bank 0.  Ensure that bank bits are correct.
Message[302] C:\USERS\ZUNGGUGUZUNGGUZENG\DESKTOP\PICMICRO_LAB2\THINGY.X\..\16F877_LCD_KEYPAD.ASM 59 : Register in operand not in bank 0.  Ensure that bank bits are correct.
Message[302] C:\USERS\ZUNGGUGUZUNGGUZENG\DESKTOP\PICMICRO_LAB2\THINGY.X\..\16F877_LCD_KEYPAD.ASM 62 : Register in operand not in bank 0.  Ensure that bank bits are correct.
Message[305] C:\USERS\ZUNGGUGUZUNGGUZENG\DESKTOP\PICMICRO_LAB2\THINGY.X\..\16F877_LCD_KEYPAD.ASM 113 : Using default destination of 1 (file).
Message[305] C:\USERS\ZUNGGUGUZUNGGUZENG\DESKTOP\PICMICRO_LAB2\THINGY.X\..\16F877_LCD_KEYPAD.ASM 116 : Using default destination of 1 (file).
Message[305] C:\USERS\ZUNGGUGUZUNGGUZENG\DESKTOP\PICMICRO_LAB2\THINGY.X\..\16F877_LCD_KEYPAD.ASM 119 : Using default destination of 1 (file).
Message[305] C:\USERS\ZUNGGUGUZUNGGUZENG\DESKTOP\PICMICRO_LAB2\THINGY.X\..\16F877_LCD_KEYPAD.ASM 180 : Using default destination of 1 (file).
Message[305] C:\USERS\ZUNGGUGUZUNGGUZENG\DESKTOP\PICMICRO_LAB2\THINGY.X\..\16F877_LCD_KEYPAD.ASM 185 : Using default destination of 1 (file).
Message[305] C:\USERS\ZUNGGUGUZUNGGUZENG\DESKTOP\PICMICRO_LAB2\THINGY.X\..\16F877_LCD_KEYPAD.ASM 190 : Using default destination of 1 (file).
Message[305] C:\USERS\ZUNGGUGUZUNGGUZENG\DESKTOP\PICMICRO_LAB2\THINGY.X\..\16F877_LCD_KEYPAD.ASM 195 : Using default destination of 1 (file).
Message[305] C:\USERS\ZUNGGUGUZUNGGUZENG\DESKTOP\PICMICRO_LAB2\THINGY.X\..\16F877_LCD_KEYPAD.ASM 252 : Using default destination of 1 (file).
Message[305] C:\USERS\ZUNGGUGUZUNGGUZENG\DESKTOP\PICMICRO_LAB2\THINGY.X\..\16F877_LCD_KEYPAD.ASM 255 : Using default destination of 1 (file).
Warning[202] C:\USERS\ZUNGGUGUZUNGGUZENG\DESKTOP\PICMICRO_LAB2\THINGY.X\..\16F877_LCD_KEYPAD.ASM 282 : Argument out of range.  Least significant bits used.
Message[305] C:\USERS\ZUNGGUGUZUNGGUZENG\DESKTOP\PICMICRO_LAB2\THINGY.X\..\16F877_LCD_KEYPAD.ASM 549 : Using default destination of 1 (file).
Message[305] C:\USERS\ZUNGGUGUZUNGGUZENG\DESKTOP\PICMICRO_LAB2\THINGY.X\..\16F877_LCD_KEYPAD.ASM 557 : Using default destination of 1 (file).
Message[305] C:\USERS\ZUNGGUGUZUNGGUZENG\DESKTOP\PICMICRO_LAB2\THINGY.X\..\16F877_LCD_KEYPAD.ASM 630 : Using default destination of 1 (file).
Message[305] C:\USERS\ZUNGGUGUZUNGGUZENG\DESKTOP\PICMICRO_LAB2\THINGY.X\..\16F877_LCD_KEYPAD.ASM 753 : Using default destination of 1 (file).
Message[305] C:\USERS\ZUNGGUGUZUNGGUZENG\DESKTOP\PICMICRO_LAB2\THINGY.X\..\16F877_LCD_KEYPAD.ASM 756 : Using default destination of 1 (file).
